TN:
SF:/Users/duantao/gome/gome-ui-kit/components/base.vue
FN:16,(anonymous_0)
FN:19,(anonymous_1)
FN:27,(anonymous_2)
FN:38,(anonymous_3)
FN:42,(anonymous_4)
FNF:5
FNH:5
FNDA:1,(anonymous_0)
FNDA:1,(anonymous_1)
FNDA:3,(anonymous_2)
FNDA:1,(anonymous_3)
FNDA:4,(anonymous_4)
DA:9,2
DA:10,1
DA:19,1
DA:20,1
DA:21,1
DA:22,1
DA:23,1
DA:24,1
DA:31,3
DA:32,3
DA:33,3
DA:34,3
DA:35,3
DA:39,1
DA:44,4
DA:45,4
LF:16
LH:16
BRDA:9,0,0,1
BRDA:16,1,0,1
BRDA:27,2,0,3
BRDA:44,3,0,4
BRDA:44,4,0,4
BRDA:44,4,1,4
BRF:6
BRH:6
end_of_record
TN:
SF:/Users/duantao/gome/gome-ui-kit/components/button/button.vue
FN:23,(anonymous_0)
FN:30,(anonymous_1)
FN:35,(anonymous_2)
FN:38,(anonymous_3)
FNF:4
FNH:4
FNDA:4,(anonymous_0)
FNDA:2,(anonymous_1)
FNDA:2,(anonymous_2)
FNDA:2,(anonymous_3)
DA:24,4
DA:31,2
DA:36,2
DA:39,2
LF:4
LH:4
BRDA:36,0,0,1
BRDA:36,0,1,1
BRF:2
BRH:2
end_of_record
TN:
SF:/Users/duantao/gome/gome-ui-kit/components/toast/toast.js
FN:13,toast
FN:47,(anonymous_1)
FN:63,(anonymous_2)
FNF:3
FNH:3
FNDA:5,toast
FNDA:4,(anonymous_1)
FNDA:1,(anonymous_2)
DA:10,1
DA:11,1
DA:15,5
DA:21,5
DA:22,1
DA:23,1
DA:27,4
DA:30,5
DA:31,2
DA:34,5
DA:36,5
DA:38,5
DA:40,5
DA:48,4
DA:49,4
DA:52,5
DA:53,5
DA:54,5
DA:63,1
DA:64,1
LF:20
LH:20
BRDA:21,0,0,1
BRDA:21,0,1,4
BRDA:30,1,0,2
BRDA:30,1,1,3
BRF:4
BRH:4
end_of_record
TN:
SF:/Users/duantao/gome/gome-ui-kit/components/toast/toast.vue
FN:22,(anonymous_0)
FN:30,(anonymous_1)
FN:31,(anonymous_2)
FN:33,(anonymous_3)
FN:39,(anonymous_4)
FNF:5
FNH:5
FNDA:5,(anonymous_0)
FNDA:5,(anonymous_1)
FNDA:4,(anonymous_2)
FNDA:4,(anonymous_3)
FNDA:2,(anonymous_4)
DA:23,5
DA:31,5
DA:32,4
DA:33,4
DA:34,4
DA:40,2
DA:41,2
LF:7
LH:7
BRF:0
BRH:0
end_of_record
